<?xml version="1.0" encoding="utf-8"?><testsuites name="pytest tests"><testsuite name="pytest" errors="0" failures="0" skipped="0" tests="10" time="1.662" timestamp="2026-07-14T15:03:03.434299+00:00" hostname="agent-env-a6f83d92-aab4-495e-b4c8-5a2bf738e908"><testcase classname="backend.tests.test_iv_solver_bs.TestBSCalculate" name="test_bs_calculate_atm_call_put" time="0.319" /><testcase classname="backend.tests.test_iv_solver_bs.TestBSCalculate" name="test_bs_calculate_greeks_present" time="0.154" /><testcase classname="backend.tests.test_iv_solver_bs.TestBSCalculate" name="test_bs_calculate_banknifty_preset" time="0.146" /><testcase classname="backend.tests.test_iv_solver_bs.TestBSCalculate" name="test_bs_calculate_t_years_value" time="0.115" /><testcase classname="backend.tests.test_iv_solver_bs.TestIVSolver" name="test_iv_solver_basic_call" time="0.185" /><testcase classname="backend.tests.test_iv_solver_bs.TestIVSolver" name="test_iv_solver_returns_correct_fields" time="0.149" /><testcase classname="backend.tests.test_iv_solver_bs.TestIVSolver" name="test_iv_solver_theoretical_matches_market" time="0.149" /><testcase classname="backend.tests.test_iv_solver_bs.TestIVSolver" name="test_iv_solver_put_option" time="0.155" /><testcase classname="backend.tests.test_iv_solver_bs.TestIVSolver" name="test_iv_solver_zero_market_price_returns_400" time="0.101" /><testcase classname="backend.tests.test_iv_solver_bs.TestIVSolver" name="test_iv_solver_zero_days_returns_400" time="0.155" /></testsuite></testsuites>