<?xml version="1.0" encoding="utf-8"?><testsuites name="pytest tests"><testsuite name="pytest" errors="0" failures="0" skipped="0" tests="19" time="3.532" timestamp="2026-07-17T01:40:02.944169+00:00" hostname="agent-env-5eccb753-bdcc-4702-9779-c09b52bab22f"><testcase classname="backend.tests.test_historical_candles.TestDailyTimeframe" name="test_daily_status_200" time="0.511" /><testcase classname="backend.tests.test_historical_candles.TestDailyTimeframe" name="test_daily_response_structure" time="0.066" /><testcase classname="backend.tests.test_historical_candles.TestDailyTimeframe" name="test_daily_bar_count_minimum_365" time="0.071" /><testcase classname="backend.tests.test_historical_candles.TestDailyTimeframe" name="test_daily_bar_span_at_least_1_year" time="0.070" /><testcase classname="backend.tests.test_historical_candles.TestDailyTimeframe" name="test_daily_bar_fields_valid" time="0.061" /><testcase classname="backend.tests.test_historical_candles.TestWeeklyTimeframe" name="test_weekly_status_200" time="0.185" /><testcase classname="backend.tests.test_historical_candles.TestWeeklyTimeframe" name="test_weekly_bar_count_minimum_200" time="0.062" /><testcase classname="backend.tests.test_historical_candles.TestWeeklyTimeframe" name="test_weekly_bar_span_at_least_3_years" time="0.053" /><testcase classname="backend.tests.test_historical_candles.TestIntradayTimeframes" name="test_15min_status_200" time="0.340" /><testcase classname="backend.tests.test_historical_candles.TestIntradayTimeframes" name="test_15min_returns_bars" time="0.075" /><testcase classname="backend.tests.test_historical_candles.TestIntradayTimeframes" name="test_15min_bar_count_within_limit" time="0.089" /><testcase classname="backend.tests.test_historical_candles.TestIntradayTimeframes" name="test_1hour_status_200" time="0.604" /><testcase classname="backend.tests.test_historical_candles.TestIntradayTimeframes" name="test_1hour_returns_bars" time="0.130" /><testcase classname="backend.tests.test_historical_candles.TestIntradayTimeframes" name="test_1hour_bar_count_reasonable" time="0.130" /><testcase classname="backend.tests.test_historical_candles.TestMonthlyStyleTimeframes" name="test_1mo_30_days" time="0.176" /><testcase classname="backend.tests.test_historical_candles.TestMonthlyStyleTimeframes" name="test_3mo_90_days" time="0.161" /><testcase classname="backend.tests.test_historical_candles.TestMonthlyStyleTimeframes" name="test_6mo_180_days" time="0.136" /><testcase classname="backend.tests.test_historical_candles.TestApiHealth" name="test_backend_reachable" time="0.057" /><testcase classname="backend.tests.test_historical_candles.TestApiHealth" name="test_invalid_ticker_returns_error" time="0.513" /></testsuite></testsuites>